<?xml version="1.0" encoding="UTF-8"?>
<testsuite xmlns:xsi="http://www.w3.org/2001/XMLSchema-instance" xsi:noNamespaceSchemaLocation="https://maven.apache.org/surefire/maven-surefire-plugin/xsd/surefire-test-report-3.0.xsd" version="3.0" name="ar.edu.unahur.obj2.w2j.Contenidos.ContenidoTest" time="0.225" tests="5" errors="0" skipped="0" failures="0">
  <properties>
[...]
</properties>
  <testcase name="dadoUnaSerie_cuandoFinalizaLaPrimerTemporada_entoncesSeCalculaElCostoTotal" classname="ar.edu.unahur.obj2.w2j.Contenidos.ContenidoTest" time="0.122"/>
  <testcase name="dadoUnaPelicula_cuandoSeGrabaNoGeneraGastosExtras_entoncesSeCalculaElCosto" classname="ar.edu.unahur.obj2.w2j.Contenidos.ContenidoTest" time="0.0"/>
  <testcase name="dadoUnContenido_cuandoApenasIniciaSeteaUnCosto_entoncesSeCalculaElCostoBase" classname="ar.edu.unahur.obj2.w2j.Contenidos.ContenidoTest" time="0.009"/>
  <testcase name="dadoUnDocumental_cuandoElIDRAAumentaElValor_entoncesSeActualizaElCosto" classname="ar.edu.unahur.obj2.w2j.Contenidos.ContenidoTest" time="0.009"/>
  <testcase name="dadoUnaSerie_cuandoNoTieneEpisodiosAun_entoncesSeCalculaElCostoBase" classname="ar.edu.unahur.obj2.w2j.Contenidos.ContenidoTest" time="0.001"/>
</testsuite>